  173.5    40.7
  253.2    73.0
  225.8    85.6
  240.5    74.2
   41.1    77.2
  117.2    73.1
  149.7    66.9
  166.7    60.7
   45.6    70.4
  204.7    66.2
  221.9    75.5
  352.7    76.6
   32.6    74.0
  269.0    76.4
  148.9    86.0
   15.3    81.6
  288.2    75.2
   72.9    70.7
   47.7    83.4
  212.4    78.5
  197.9    58.4
  218.4    69.4
   51.6    78.2
  262.9    82.8
   17.3    76.8
   72.2    63.5
  200.6    78.6
   49.8    79.3
   56.7    42.3
  331.6    61.2
  306.0    66.7
  288.9    72.2
  217.3    77.1
   85.9    55.3
  344.6    83.5
   68.1    85.1
  197.0    76.4
  242.0    77.0
  182.8    86.2
  177.3    65.1
  199.3    83.3
  232.9    63.9
  309.9    79.6
  299.9    88.8
  132.6    58.0
   99.6    50.9
   92.5    87.4
  141.8    76.9
  278.2    74.5
  174.2    72.1
   52.6    67.5
  146.4    71.6
  217.5    75.4
  358.4    78.4
  300.3    85.5
    1.8    78.8
   72.6    76.0
  168.4    84.9
  130.8    83.3
  224.1    76.3
  118.6    76.4
  131.7    63.8
  283.6    76.8
    4.8    64.7
  255.0    59.7
  232.7    48.9
  316.8    63.7
  279.4    75.9
  223.2    66.8
   93.5    49.5
  230.7    84.6
  129.4    66.8
  354.1    84.1
  212.4    73.3
  346.9    76.2
    1.6    78.2
  245.4    67.1
  264.2    76.1
  327.5    74.6
   64.3    76.4
  281.0    83.4
  137.8    70.4
  232.1    81.0
  279.6    78.1
  215.2    79.6
   88.2    72.6
   80.3    86.0
  240.1    76.5
  287.0    78.4
  357.9    71.8
  164.0    81.1
   31.4    73.1
  233.2    82.0
  190.0    63.9
  104.1    50.1
  298.0    75.8
   80.1    66.7
  138.8    79.6
  113.8    79.5
  359.5    74.7
