0 info it worked if it ends with ok
1 verbose cli [ '/usr/bin/node', '/usr/bin/npm', 'run', 'dev:nw' ]
2 info using npm@3.10.3
3 info using node@v6.2.2
4 verbose run-script [ 'predev:nw', 'dev:nw', 'postdev:nw' ]
5 info lifecycle react-redux-starter-kit@2.0.0-alpha.3~predev:nw: react-redux-starter-kit@2.0.0-alpha.3
6 silly lifecycle react-redux-starter-kit@2.0.0-alpha.3~predev:nw: no script for predev:nw, continuing
7 info lifecycle react-redux-starter-kit@2.0.0-alpha.3~dev:nw: react-redux-starter-kit@2.0.0-alpha.3
8 verbose lifecycle react-redux-starter-kit@2.0.0-alpha.3~dev:nw: unsafe-perm in lifecycle true
9 verbose lifecycle react-redux-starter-kit@2.0.0-alpha.3~dev:nw: PATH: /usr/lib/node_modules/npm/bin/node-gyp-bin:/home/tom/data/projects/cherrymusic/res/react-client/node_modules/.bin:/usr/bin:/usr/lib/hardening-wrapper/bin:/usr/local/sbin:/usr/local/bin:/usr/bin:/opt/android-sdk/platform-tools:/opt/android-sdk/tools:/opt/java/bin:/opt/java/db/bin:/opt/java/jre/bin:/usr/bin/site_perl:/usr/bin/vendor_perl:/usr/bin/core_perl:/home/tom/util/launcher/
10 verbose lifecycle react-redux-starter-kit@2.0.0-alpha.3~dev:nw: CWD: /home/tom/data/projects/cherrymusic/res/react-client
11 silly lifecycle react-redux-starter-kit@2.0.0-alpha.3~dev:nw: Args: [ '-c', 'npm run dev -- --nw' ]
12 silly lifecycle react-redux-starter-kit@2.0.0-alpha.3~dev:nw: Returned: code: 1  signal: null
13 info lifecycle react-redux-starter-kit@2.0.0-alpha.3~dev:nw: Failed to exec dev:nw script
14 verbose stack Error: react-redux-starter-kit@2.0.0-alpha.3 dev:nw: `npm run dev -- --nw`
14 verbose stack Exit status 1
14 verbose stack     at EventEmitter.<anonymous> (/usr/lib/node_modules/npm/lib/utils/lifecycle.js:242:16)
14 verbose stack     at emitTwo (events.js:106:13)
14 verbose stack     at EventEmitter.emit (events.js:191:7)
14 verbose stack     at ChildProcess.<anonymous> (/usr/lib/node_modules/npm/lib/utils/spawn.js:40:14)
14 verbose stack     at emitTwo (events.js:106:13)
14 verbose stack     at ChildProcess.emit (events.js:191:7)
14 verbose stack     at maybeClose (internal/child_process.js:852:16)
14 verbose stack     at Process.ChildProcess._handle.onexit (internal/child_process.js:215:5)
15 verbose pkgid react-redux-starter-kit@2.0.0-alpha.3
16 verbose cwd /home/tom/data/projects/cherrymusic/res/react-client
17 error Linux 4.6.3-1-ARCH
18 error argv "/usr/bin/node" "/usr/bin/npm" "run" "dev:nw"
19 error node v6.2.2
20 error npm  v3.10.3
21 error code ELIFECYCLE
22 error react-redux-starter-kit@2.0.0-alpha.3 dev:nw: `npm run dev -- --nw`
22 error Exit status 1
23 error Failed at the react-redux-starter-kit@2.0.0-alpha.3 dev:nw script 'npm run dev -- --nw'.
23 error Make sure you have the latest version of node.js and npm installed.
23 error If you do, this is most likely a problem with the react-redux-starter-kit package,
23 error not with npm itself.
23 error Tell the author that this fails on your system:
23 error     npm run dev -- --nw
23 error You can get information on how to open an issue for this project with:
23 error     npm bugs react-redux-starter-kit
23 error Or if that isn't available, you can get their info via:
23 error     npm owner ls react-redux-starter-kit
23 error There is likely additional logging output above.
24 verbose exit [ 1, true ]
