13.984945
13.720447
5.774900
10.155185
12.411469
8.521882
16.715648
12.104563
9.804527
8.475879
15.755138
13.752421
6.532883
9.863337
13.140759
11.538063
14.181965
7.134701
7.734838
7.287301
2.433620
11.585102
12.519259
6.168681
8.571137
8.705989
8.293104
13.010088
3.856103
13.947675
8.814651
12.023812
13.097874
4.819728
8.145954
5.259425
13.026958
9.130222
11.823216
14.139199
12.214614
14.395773
13.312975
15.454053
12.418621
12.074579
4.961992
14.648069
10.874657
6.614975
4.996661
12.471030
15.761326
8.974057
15.212163
5.530670
5.431580
9.111451
9.629842
14.932121
5.647894
12.722610
7.676795
14.834680
11.816001
8.033397
13.363367
11.402913
10.889533
12.164627
9.752431
10.923066
11.566604
9.075709
6.813727
15.922179
7.865345
5.191227
9.481913
12.685073
13.418692
12.711129
12.189058
10.160226
6.926168
12.969739
8.361591
13.689578
8.997827
3.518047
6.046273
12.010746
11.791322
10.703519
7.796832
12.521742
10.356770
8.905486
11.422910
12.262059
8.464485
9.974400
10.569266
14.922506
10.436392
8.153526
7.369052
10.647869
9.498962
6.081583
15.972890
13.572711
14.489487
11.042459
10.284949
10.404663
9.972276
16.815095
8.589693
7.385900
11.510438
9.256626
14.109617
11.068874
11.281701
9.058012
8.044684
9.365538
4.947764
10.795971
12.242296
8.606066
11.272425
16.043942
11.076179
14.644736
10.509014
9.213915
5.702173
7.643299
4.792802
15.644642
14.501528
12.204425
18.400082
7.054231
8.576452
5.918195
7.705938
14.513238
4.516568
10.962147
5.230801
8.262878
13.056821
14.098042
9.681880
15.811537
8.304460
3.904559
6.421658
10.114919
7.662655
9.793999
14.139878
9.111042
14.578019
7.025944
10.841737
7.803926
9.468433
10.320825
7.847167
11.768914
13.386507
13.482828
11.640574
7.991120
14.052988
7.011756
8.978368
7.597914
11.144043
11.672261
10.872473
7.973212
12.538391
12.766715
7.114203
5.273591
8.920614
9.309484
3.897544
11.773425
5.461616
6.445993
10.825475
12.026901
10.771662
13.248192
9.749580
11.799442
14.898766
12.042377
11.369732
9.191763
10.525675
7.999516
12.268136
11.018553
9.606273
9.254796
11.406177
11.543042
10.241261
8.626221
8.401757
11.292908
8.926802
12.868862
11.208272
8.781120
8.408805
11.773922
23.130739
15.002416
12.135994
13.953788
3.121107
4.737751
15.163026
10.490959
11.464446
3.644485
13.434734
8.806621
13.845351
10.102334
13.479946
11.651911
9.868021
11.117173
6.660671
6.001164
7.093181
13.753972
14.828196
6.876635
14.951526
11.318856
9.104241
13.602759
15.664933
12.298923
5.929137
13.164655
9.463797
12.881257
14.536981
6.417125
12.771654
2.068012
7.507787
8.564027
13.383326
15.734591
13.908060
16.972057
11.756680
10.978464
7.496104
12.881857
9.862285
14.138235
6.483037
9.349944
9.302696
5.062784
7.899862
14.824070
9.415324
10.926784
14.346746
9.037086
11.535244
8.783941
10.848348
10.236620
10.259453
10.304222
9.542744
15.809840
11.386655
8.151658
17.987484
10.390693
11.193148
10.327888
8.587184
11.328480
9.013129
13.359794
9.915530
4.922386
5.106614
7.942257
10.579986
12.075725
5.768894
12.843061
4.877015
-0.314506
11.260877
7.673470
7.367116
6.977821
13.057014
9.030563
9.784022
10.991944
9.311526
8.950426
12.649695
13.209594
9.772840
13.406860
12.352849
13.593079
8.000423
7.907769
10.297251
10.013114
7.796676
8.902339
12.342677
10.896870
9.239630
8.700690
6.497456
7.877436
11.818763
10.121324
9.869136
11.080768
7.281449
8.797606
11.524780
13.120949
7.108661
9.444155
11.538705
12.582459
14.041797
6.135099
5.655291
13.913187
14.402431
11.779995
4.520929
11.161391
10.273543
12.432110
7.731628
4.977875
7.432687
7.231096
7.482052
11.979988
5.672456
11.159211
3.886172
13.432828
9.650386
8.392768
8.153477
13.716853
15.467656
9.554886
14.018913
13.489544
12.683275
10.139937
11.206581
13.680228
11.864278
17.994802
8.089553
6.907458
14.903086
7.074526
11.184872
10.382530
6.221448
5.056765
8.436403
7.943478
11.753933
5.604393
9.611088
7.099272
6.755175
9.005595
8.022974
10.765249
10.267366
13.055706
8.879334
5.904255
8.310820
13.687600
10.700496
6.322304
11.637622
15.013781
8.227087
13.110998
7.942096
11.577299
4.742881
8.654553
5.063091
7.449278
11.159159
11.722305
8.355260
11.672723
9.669234
10.205976
8.061327
6.348030
12.063137
11.860099
4.866801
15.132494
9.355296
8.037021
13.539022
10.999310
6.129177
14.617493
12.315190
14.775323
13.164238
8.269079
12.321923
13.874254
13.063660
7.162738
8.445931
13.883169
10.158675
8.933532
8.639897
18.105073
15.295728
9.148130
17.552565
8.729069
12.206907
5.060981
9.448181
12.299196
7.328265
10.091208
15.926625
13.571077
12.559366
11.099682
11.932195
12.378403
11.868409
7.767807
6.298727
7.094423
9.420665
5.993147
8.494295
7.910979
3.458145
10.717380
9.981480
7.850714
13.981803
11.558801
8.777191
9.443701
9.758291
7.685414
9.235024
15.903139
11.764627
11.606458
7.376204
10.257114
8.307377
10.890549
11.211419
11.697632
13.771769
12.974630
11.042489
8.681926
8.299881
10.813519
14.044978
12.735785
8.663649
12.530615
11.043118
8.950948
12.239355
9.557168
5.968980
9.079857
6.130972
7.967551
1.095654
12.088230
6.419797
14.738851
14.904764
7.382510
9.000771
4.746800
9.415420
9.441801
5.650868
11.999036
8.770812
9.720826
12.052389
8.213015
8.249683
11.902794
7.584333
8.116054
17.560380
6.276462
10.179393
9.512334
10.346551
10.171439
7.945945
9.556169
6.869412
12.009262
12.675019
10.142139
7.850334
4.201470
10.677287
12.887218
16.334629
16.197016
13.649384
7.742362
12.434444
9.106266
7.374418
15.300933
10.240261
14.062572
10.076939
12.561091
10.395845
3.271446
9.432316
7.178307
12.857423
6.933341
6.550849
12.444788
11.992951
9.820244
9.668881
6.448834
13.223972
11.008145
10.614978
8.816598
9.830030
13.479886
5.520648
10.100474
14.246771
7.050785
7.632715
9.949112
11.721499
7.472507
14.748855
10.607881
8.595314
14.421081
17.753802
7.234120
11.423620
7.041687
15.172817
12.367184
9.481496
7.743344
8.548832
4.800700
12.388993
10.040602
8.769427
12.604900
7.899695
8.943580
9.259775
9.169653
12.662773
12.662939
7.864463
15.016604
6.767843
8.325279
11.161857
14.528279
12.013216
16.881405
9.859246
10.926317
10.125824
9.548144
10.233362
11.796559
14.510402
10.113124
8.536607
15.065650
9.953959
8.544409
17.081271
13.607057
14.943168
11.663371
6.272327
7.405431
7.777267
6.132285
14.193388
9.506790
10.941992
6.191942
6.845972
14.338978
12.005369
9.467702
10.654972
15.210136
8.721426
8.331306
13.635014
3.594148
5.840424
8.691405
7.700514
8.443684
16.001917
6.638625
10.332053
17.472208
12.063436
5.594697
10.293372
12.214234
11.194128
16.166000
10.182276
9.919986
7.231496
8.951027
8.073339
7.874938
14.157479
8.946627
12.686663
9.914568
10.809668
8.662287
11.532376
11.355634
13.545620
10.834194
11.252202
12.676954
10.655428
7.269997
7.868713
8.254065
8.468948
6.365115
9.145200
14.073967
8.785550
11.268010
8.489794
4.629428
9.960801
10.146868
10.956222
14.034986
6.276196
8.257189
7.876601
9.509367
9.280132
11.488244
5.605452
7.862196
14.083017
10.209576
10.629984
7.933158
8.401815
9.085764
7.102962
7.586853
6.344677
5.806152
13.852407
8.100229
7.374924
5.370911
15.491468
11.238701
10.893138
13.386693
10.950322
7.018642
13.913970
11.423268
10.497903
10.057003
11.027667
7.171570
4.123763
10.829986
9.217692
16.767905
11.948322
14.498679
10.870604
6.471328
8.409398
8.574587
5.882925
12.887278
9.801119
13.069082
10.599710
9.047633
9.437433
14.844286
9.693883
8.371538
11.643067
10.096100
11.317231
11.311401
9.799950
10.032686
11.006349
10.511475
8.182997
8.356472
10.587313
10.867679
10.614982
12.558958
7.193173
8.777361
7.418154
10.681935
6.931312
11.850338
10.137599
9.951108
11.234145
5.971609
11.852226
10.246802
6.124698
10.531636
8.766058
8.776664
8.759439
11.247314
8.462958
10.574952
8.341324
8.385905
6.080966
9.669104
8.836317
9.514244
3.015029
13.281558
5.202594
10.312455
11.757002
7.871969
7.562204
6.808061
6.289086
7.505079
6.704583
10.904858
7.077885
14.124079
8.815166
8.993879
13.618447
8.461541
11.325466
9.667593
12.612712
11.126907
6.838868
10.324949
9.175263
7.536658
10.547655
8.735901
13.947982
12.551011
13.461132
12.772872
10.384964
5.801169
10.076162
6.041072
9.164407
9.150112
16.139788
7.505230
8.186833
7.840687
7.012187
9.241519
11.071627
12.932411
8.746041
12.567821
10.668760
11.102441
7.706668
12.318147
6.683997
11.669664
12.340819
7.369478
11.702854
9.349777
9.329073
9.364224
12.982933
9.670953
10.937524
12.387372
8.126635
7.724135
8.950434
12.540952
12.395087
9.891750
5.634966
8.882823
11.972496
11.476473
13.966099
12.864420
9.041210
13.960954
5.227247
7.417518
8.305781
5.598418
10.241807
12.326434
12.071915
8.371183
9.071042
13.355280
3.990260
9.868601
11.173120
9.997479
11.861991
10.326247
12.446221
8.238834
5.768022
5.358606
7.787401
15.822622
9.415043
11.659506
12.044710
7.911278
12.558582
4.845100
13.236911
9.935230
10.582364
5.787404
15.225418
9.503096
10.350947
7.813867
3.681253
8.845151
10.605293
11.404385
14.469880
16.975655
5.860525
11.504804
6.864062
14.371328
11.781865
10.257338
13.267493
6.947336
11.481479
9.317807
5.217053
9.648643
10.563155
9.761892
8.993163
11.569924
14.397476
7.176904
12.709537
8.935868
9.664072
13.391775
7.972545
7.130201
11.421427
12.728685
9.808508
12.681344
8.130391
8.485057
9.830160
7.822031
10.099120
6.196375
7.445279
9.472716
9.180729
9.405715
10.313750
12.018559
9.848997
12.220257
8.693919
9.287212
11.011727
11.648986
7.956737
8.263900
11.155385
6.226310
15.736633
11.673315
11.714056
8.724478
11.256082
11.354659
9.927540
6.761809
11.988110
12.341067
7.841452
8.886314
7.857038
8.315282
9.918834
11.547478
14.291479
8.175535
6.250471
4.747714
10.255583
12.485439
12.433455
14.176414
9.145572
14.368675
10.536924
8.940573
12.684814
5.198520
9.845967
10.405903
